Determining if the pthread_create exist failed with the following output:
Change Dir: /home/jy/mybot_ws/build/mybot_control/CMakeFiles/CMakeTmp

Run Build Command:"/usr/bin/make" "cmTC_54ff2/fast"
/usr/bin/make -f CMakeFiles/cmTC_54ff2.dir/build.make CMakeFiles/cmTC_54ff2.dir/build
make[1]: Entering directory '/home/jy/mybot_ws/build/mybot_control/CMakeFiles/CMakeTmp'
Building C object CMakeFiles/cmTC_54ff2.dir/CheckSymbolExists.c.o
/usr/bin/cc     -o CMakeFiles/cmTC_54ff2.dir/CheckSymbolExists.c.o   -c /home/jy/mybot_ws/build/mybot_control/CMakeFiles/CMakeTmp/CheckSymbolExists.c
Linking C executable cmTC_54ff2
/usr/bin/cmake -E cmake_link_script CMakeFiles/cmTC_54ff2.dir/link.txt --verbose=1
/usr/bin/cc       CMakeFiles/cmTC_54ff2.dir/CheckSymbolExists.c.o  -o cmTC_54ff2 -rdynamic 
CMakeFiles/cmTC_54ff2.dir/CheckSymbolExists.c.o: In function `main':
CheckSymbolExists.c:(.text+0x16): undefined reference to `pthread_create'
collect2: error: ld returned 1 exit status
CMakeFiles/cmTC_54ff2.dir/build.make:97: recipe for target 'cmTC_54ff2' failed
make[1]: *** [cmTC_54ff2] Error 1
make[1]: Leaving directory '/home/jy/mybot_ws/build/mybot_control/CMakeFiles/CMakeTmp'
Makefile:126: recipe for target 'cmTC_54ff2/fast' failed
make: *** [cmTC_54ff2/fast] Error 2

File /home/jy/mybot_ws/build/mybot_control/CMakeFiles/CMakeTmp/CheckSymbolExists.c:
/* */
#include <pthread.h>

int main(int argc, char** argv)
{
  (void)argv;
#ifndef pthread_create
  return ((int*)(&pthread_create))[argc];
#else
  (void)argc;
  return 0;
#endif
}

Determining if the function pthread_create exists in the pthreads failed with the following output:
Change Dir: /home/jy/mybot_ws/build/mybot_control/CMakeFiles/CMakeTmp

Run Build Command:"/usr/bin/make" "cmTC_93c3a/fast"
/usr/bin/make -f CMakeFiles/cmTC_93c3a.dir/build.make CMakeFiles/cmTC_93c3a.dir/build
make[1]: Entering directory '/home/jy/mybot_ws/build/mybot_control/CMakeFiles/CMakeTmp'
Building C object CMakeFiles/cmTC_93c3a.dir/CheckFunctionExists.c.o
/usr/bin/cc    -DCHECK_FUNCTION_EXISTS=pthread_create   -o CMakeFiles/cmTC_93c3a.dir/CheckFunctionExists.c.o   -c /usr/share/cmake-3.5/Modules/CheckFunctionExists.c
Linking C executable cmTC_93c3a
/usr/bin/cmake -E cmake_link_script CMakeFiles/cmTC_93c3a.dir/link.txt --verbose=1
/usr/bin/cc   -DCHECK_FUNCTION_EXISTS=pthread_create    CMakeFiles/cmTC_93c3a.dir/CheckFunctionExists.c.o  -o cmTC_93c3a -rdynamic -lpthreads 
/usr/bin/ld: cannot find -lpthreads
collect2: error: ld returned 1 exit status
CMakeFiles/cmTC_93c3a.dir/build.make:97: recipe for target 'cmTC_93c3a' failed
make[1]: *** [cmTC_93c3a] Error 1
make[1]: Leaving directory '/home/jy/mybot_ws/build/mybot_control/CMakeFiles/CMakeTmp'
Makefile:126: recipe for target 'cmTC_93c3a/fast' failed
make: *** [cmTC_93c3a/fast] Error 2


