Determining if the pthread_create exist failed with the following output:
Change Dir: /home/jy/mybot_ws/build/mybot_description/CMakeFiles/CMakeTmp

Run Build Command:"/usr/bin/make" "cmTC_2c8ae/fast"
/usr/bin/make -f CMakeFiles/cmTC_2c8ae.dir/build.make CMakeFiles/cmTC_2c8ae.dir/build
make[1]: Entering directory '/home/jy/mybot_ws/build/mybot_description/CMakeFiles/CMakeTmp'
Building C object CMakeFiles/cmTC_2c8ae.dir/CheckSymbolExists.c.o
/usr/bin/cc     -o CMakeFiles/cmTC_2c8ae.dir/CheckSymbolExists.c.o   -c /home/jy/mybot_ws/build/mybot_description/CMakeFiles/CMakeTmp/CheckSymbolExists.c
Linking C executable cmTC_2c8ae
/usr/bin/cmake -E cmake_link_script CMakeFiles/cmTC_2c8ae.dir/link.txt --verbose=1
/usr/bin/cc       CMakeFiles/cmTC_2c8ae.dir/CheckSymbolExists.c.o  -o cmTC_2c8ae -rdynamic 
CMakeFiles/cmTC_2c8ae.dir/CheckSymbolExists.c.o: In function `main':
CheckSymbolExists.c:(.text+0x16): undefined reference to `pthread_create'
collect2: error: ld returned 1 exit status
CMakeFiles/cmTC_2c8ae.dir/build.make:97: recipe for target 'cmTC_2c8ae' failed
make[1]: *** [cmTC_2c8ae] Error 1
make[1]: Leaving directory '/home/jy/mybot_ws/build/mybot_description/CMakeFiles/CMakeTmp'
Makefile:126: recipe for target 'cmTC_2c8ae/fast' failed
make: *** [cmTC_2c8ae/fast] Error 2

File /home/jy/mybot_ws/build/mybot_description/CMakeFiles/CMakeTmp/CheckSymbolExists.c:
/* */
#include <pthread.h>

int main(int argc, char** argv)
{
  (void)argv;
#ifndef pthread_create
  return ((int*)(&pthread_create))[argc];
#else
  (void)argc;
  return 0;
#endif
}

Determining if the function pthread_create exists in the pthreads failed with the following output:
Change Dir: /home/jy/mybot_ws/build/mybot_description/CMakeFiles/CMakeTmp

Run Build Command:"/usr/bin/make" "cmTC_ca37b/fast"
/usr/bin/make -f CMakeFiles/cmTC_ca37b.dir/build.make CMakeFiles/cmTC_ca37b.dir/build
make[1]: Entering directory '/home/jy/mybot_ws/build/mybot_description/CMakeFiles/CMakeTmp'
Building C object CMakeFiles/cmTC_ca37b.dir/CheckFunctionExists.c.o
/usr/bin/cc    -DCHECK_FUNCTION_EXISTS=pthread_create   -o CMakeFiles/cmTC_ca37b.dir/CheckFunctionExists.c.o   -c /usr/share/cmake-3.5/Modules/CheckFunctionExists.c
Linking C executable cmTC_ca37b
/usr/bin/cmake -E cmake_link_script CMakeFiles/cmTC_ca37b.dir/link.txt --verbose=1
/usr/bin/cc   -DCHECK_FUNCTION_EXISTS=pthread_create    CMakeFiles/cmTC_ca37b.dir/CheckFunctionExists.c.o  -o cmTC_ca37b -rdynamic -lpthreads 
/usr/bin/ld: cannot find -lpthreads
collect2: error: ld returned 1 exit status
CMakeFiles/cmTC_ca37b.dir/build.make:97: recipe for target 'cmTC_ca37b' failed
make[1]: *** [cmTC_ca37b] Error 1
make[1]: Leaving directory '/home/jy/mybot_ws/build/mybot_description/CMakeFiles/CMakeTmp'
Makefile:126: recipe for target 'cmTC_ca37b/fast' failed
make: *** [cmTC_ca37b/fast] Error 2


